<?xml version="1.0" encoding="UTF-8"?>
<testng-results ignored="0" total="1" passed="1" failed="0" skipped="0">
  <reporter-output>
  </reporter-output>
  <suite started-at="2022-09-16T22:01:15 IST" name="Default suite" finished-at="2022-09-16T22:01:44 IST" duration-ms="29544">
    <groups>
    </groups>
    <test started-at="2022-09-16T22:01:15 IST" name="Default test" finished-at="2022-09-16T22:01:44 IST" duration-ms="29544">
      <class name="Seleniumdemo.Reports">
        <test-method is-config="true" signature="Beforetest()[pri:0, instance:Seleniumdemo.Reports@581ac8a8]" started-at="2022-09-16T22:01:15 IST" name="Beforetest" finished-at="2022-09-16T22:01:16 IST" duration-ms="1748" status="PASS">
          <reporter-output>
          </reporter-output>
        </test-method> <!-- Beforetest -->
        <test-method signature="reports()[pri:0, instance:Seleniumdemo.Reports@581ac8a8]" started-at="2022-09-16T22:01:16 IST" name="reports" finished-at="2022-09-16T22:01:44 IST" duration-ms="27763" status="PASS">
          <reporter-output>
          </reporter-output>
        </test-method> <!-- reports -->
      </class> <!-- Seleniumdemo.Reports -->
    </test> <!-- Default test -->
  </suite> <!-- Default suite -->
</testng-results>
